🚀 Building CRM Frontend for Production...
📦 Installing dependencies...
yarn install v1.22.22
[1/4] Resolving packages...
success Already up-to-date.
Done in 2.36s.
🔨 Building production bundle...
yarn run v1.22.22
$ react-scripts build
Creating an optimized production build...
Compiled successfully.

File sizes after gzip:

  224.13 kB  build/static/js/main.e96e406a.js
  10.09 kB   build/static/css/main.04ee4312.css

The project was built assuming it is hosted at /.
You can control this with the homepage field in your package.json.

The build folder is ready to be deployed.
You may serve it with a static server:

  yarn global add serve
  serve -s build

Find out more about deployment here:

  https://cra.link/deployment

Done in 73.83s.
📋 Copying files to deployment directory...
🔧 Updating asset paths...
✅ Frontend build completed!
📁 Files ready in: ../deploy/shared-hosting/build
🌐 Ready for upload to: crm.vuaseeding.top

📖 NEXT STEPS:
1. Upload all files from '../deploy/shared-hosting/build' to your shared hosting public_html/
2. Upload .htaccess, api-proxy.php, config.php, install.php
3. Visit https://crm.vuaseeding.top/install.php
4. Follow the installation wizard
